<?xml version="1.0" encoding="UTF-8"?>
<testsuite xmlns:xsi="http://www.w3.org/2001/XMLSchema-instance" xsi:noNamespaceSchemaLocation="https://maven.apache.org/surefire/maven-surefire-plugin/xsd/surefire-test-report.xsd" name="io.gameofmovement.controller.PlayerControllerITTest" time="24.105" tests="5" errors="0" skipped="0" failures="1">
  <properties>
[...]
</properties>
  <testcase name="testReset" classname="io.gameofmovement.controller.PlayerControllerITTest" time="0.421"/>
  <testcase name="testPlay" classname="io.gameofmovement.controller.PlayerControllerITTest" time="11.406"/>
  <testcase name="testPlayInvalidPlayer" classname="io.gameofmovement.controller.PlayerControllerITTest" time="3.078"/>
  <testcase name="testPlayInvalidValue" classname="io.gameofmovement.controller.PlayerControllerITTest" time="2.039"/>
  <testcase name="testPlayNotDivisible" classname="io.gameofmovement.controller.PlayerControllerITTest" time="2.048">
    <failure message="expected: &lt;true&gt; but was: &lt;false&gt;" type="org.opentest4j.AssertionFailedError"><![CDATA[org.opentest4j.AssertionFailedError: expected: <true> but was: <false>
	at io.gameofmovement.controller.PlayerControllerITTest.testPlayNotDivisible(PlayerControllerITTest.java:233)
]]></failure>
    <system-out><![CDATA[2020-12-02 11:02:41.389  INFO 12125 --- [o-auto-1-exec-4] i.g.service.impl.PlayerServiceImpl       : Restarted
2020-12-02 11:02:41.394  INFO 12125 --- [o-auto-1-exec-5] i.g.service.impl.PlayerServiceImpl       : Ready
2020-12-02 11:02:42.399  INFO 12125 --- [o-auto-1-exec-6] i.g.service.impl.PlayerServiceImpl       : Ready
2020-12-02 11:02:43.408  WARN 12125 --- [ntainer#1-0-C-1] org.apache.kafka.clients.NetworkClient   : [Consumer clientId=game-client-0, groupId=game-player-group] Connection to node 1001 (localhost/127.0.0.1:9092) could not be established. Broker may not be available.
]]></system-out>
  </testcase>
</testsuite>