<?xml version="1.0" encoding="UTF-8"?>
<testsuite xmlns:xsi="http://www.w3.org/2001/XMLSchema-instance" xsi:noNamespaceSchemaLocation="https://maven.apache.org/surefire/maven-surefire-plugin/xsd/surefire-test-report.xsd" name="io.gameofmovement.controller.PlayerControllerTest" time="5.9" tests="5" errors="0" skipped="0" failures="3">
  <properties>
[...]
</properties>
  <testcase name="testReset" classname="io.gameofmovement.controller.PlayerControllerTest" time="0.51"/>
  <testcase name="testPlay" classname="io.gameofmovement.controller.PlayerControllerTest" time="0.144">
    <failure message="expected: &lt;true&gt; but was: &lt;false&gt;" type="org.opentest4j.AssertionFailedError"><![CDATA[org.opentest4j.AssertionFailedError: expected: <true> but was: <false>
	at io.gameofmovement.controller.PlayerControllerTest.testPlay(PlayerControllerTest.java:68)
]]></failure>
    <system-out><![CDATA[2020-12-01 09:59:55.221  INFO 10029 --- [o-auto-1-exec-2] o.a.k.clients.producer.ProducerConfig    : ProducerConfig values: 
	acks = 1
	batch.size = 16384
	bootstrap.servers = [localhost:9092]
	buffer.memory = 33554432
	client.dns.lookup = use_all_dns_ips
	client.id = producer-1
	compression.type = none
	connections.max.idle.ms = 540000
	delivery.timeout.ms = 120000
	enable.idempotence = false
	interceptor.classes = []
	internal.auto.downgrade.txn.commit = true
	key.serializer = class org.apache.kafka.common.serialization.StringSerializer
	linger.ms = 0
	max.block.ms = 60000
	max.in.flight.requests.per.connection = 5
	max.request.size = 1048576
	metadata.max.age.ms = 300000
	metadata.max.idle.ms = 300000
	metric.reporters = []
	metrics.num.samples = 2
	metrics.recording.level = INFO
	metrics.sample.window.ms = 30000
	partitioner.class = class org.apache.kafka.clients.producer.internals.DefaultPartitioner
	receive.buffer.bytes = 32768
	reconnect.backoff.max.ms = 1000
	reconnect.backoff.ms = 50
	request.timeout.ms = 30000
	retries = 2147483647
	retry.backoff.ms = 100
	sasl.client.callback.handler.class = null
	sasl.jaas.config = null
	sasl.kerberos.kinit.cmd = /usr/bin/kinit
	sasl.kerberos.min.time.before.relogin = 60000
	sasl.kerberos.service.name = null
	sasl.kerberos.ticket.renew.jitter = 0.05
	sasl.kerberos.ticket.renew.window.factor = 0.8
	sasl.login.callback.handler.class = null
	sasl.login.class = null
	sasl.login.refresh.buffer.seconds = 300
	sasl.login.refresh.min.period.seconds = 60
	sasl.login.refresh.window.factor = 0.8
	sasl.login.refresh.window.jitter = 0.05
	sasl.mechanism = GSSAPI
	security.protocol = PLAINTEXT
	security.providers = null
	send.buffer.bytes = 131072
	ssl.cipher.suites = null
	ssl.enabled.protocols = [TLSv1.2, TLSv1.3]
	ssl.endpoint.identification.algorithm = https
	ssl.engine.factory.class = null
	ssl.key.password = null
	ssl.keymanager.algorithm = SunX509
	ssl.keystore.location = null
	ssl.keystore.password = null
	ssl.keystore.type = JKS
	ssl.protocol = TLSv1.3
	ssl.provider = null
	ssl.secure.random.implementation = null
	ssl.trustmanager.algorithm = PKIX
	ssl.truststore.location = null
	ssl.truststore.password = null
	ssl.truststore.type = JKS
	transaction.timeout.ms = 60000
	transactional.id = null
	value.serializer = class io.gameofmovement.util.PlaySerializer

2020-12-01 09:59:55.253  INFO 10029 --- [o-auto-1-exec-2] o.a.kafka.common.utils.AppInfoParser     : Kafka version: 2.6.0
2020-12-01 09:59:55.253  INFO 10029 --- [o-auto-1-exec-2] o.a.kafka.common.utils.AppInfoParser     : Kafka commitId: 62abe01bee039651
2020-12-01 09:59:55.253  INFO 10029 --- [o-auto-1-exec-2] o.a.kafka.common.utils.AppInfoParser     : Kafka startTimeMs: 1606827595253
2020-12-01 09:59:55.265  INFO 10029 --- [ad | producer-1] org.apache.kafka.clients.Metadata        : [Producer clientId=producer-1] Cluster ID: s-6D0GmMRhmdAyWzBKYRUw
2020-12-01 09:59:55.285  INFO 10029 --- [o-auto-1-exec-2] i.g.service.impl.PlayerServiceImpl       : Ready
2020-12-01 09:59:55.319  INFO 10029 --- [o-auto-1-exec-3] i.g.service.impl.PlayerServiceImpl       : Ready
]]></system-out>
  </testcase>
  <testcase name="testPlayInvalidPlayer" classname="io.gameofmovement.controller.PlayerControllerTest" time="0.064">
    <failure message="Unexpected exception type thrown ==&gt; expected: &lt;org.springframework.web.client.HttpClientErrorException.BadRequest&gt; but was: &lt;org.springframework.web.client.RestClientException&gt;" type="org.opentest4j.AssertionFailedError"><![CDATA[org.opentest4j.AssertionFailedError: Unexpected exception type thrown ==> expected: <org.springframework.web.client.HttpClientErrorException.BadRequest> but was: <org.springframework.web.client.RestClientException>
	at io.gameofmovement.controller.PlayerControllerTest.testPlayInvalidPlayer(PlayerControllerTest.java:141)
Caused by: org.springframework.web.client.RestClientException: 
Error while extracting response for type [class java.lang.Object] and content type [application/json]; nested exception is org.springframework.http.converter.HttpMessageNotReadableException: JSON parse error: Unrecognized token 'Invalid': was expecting (JSON String, Number, Array, Object or token 'null', 'true' or 'false'); nested exception is com.fasterxml.jackson.core.JsonParseException: Unrecognized token 'Invalid': was expecting (JSON String, Number, Array, Object or token 'null', 'true' or 'false')
 at [Source: (sun.net.www.protocol.http.HttpURLConnection$HttpInputStream); line: 1, column: 9]
	at io.gameofmovement.controller.PlayerControllerTest.lambda$testPlayInvalidPlayer$0(PlayerControllerTest.java:143)
	at io.gameofmovement.controller.PlayerControllerTest.testPlayInvalidPlayer(PlayerControllerTest.java:141)
Caused by: org.springframework.http.converter.HttpMessageNotReadableException: 
JSON parse error: Unrecognized token 'Invalid': was expecting (JSON String, Number, Array, Object or token 'null', 'true' or 'false'); nested exception is com.fasterxml.jackson.core.JsonParseException: Unrecognized token 'Invalid': was expecting (JSON String, Number, Array, Object or token 'null', 'true' or 'false')
 at [Source: (sun.net.www.protocol.http.HttpURLConnection$HttpInputStream); line: 1, column: 9]
	at io.gameofmovement.controller.PlayerControllerTest.lambda$testPlayInvalidPlayer$0(PlayerControllerTest.java:143)
	at io.gameofmovement.controller.PlayerControllerTest.testPlayInvalidPlayer(PlayerControllerTest.java:141)
Caused by: com.fasterxml.jackson.core.JsonParseException: 
Unrecognized token 'Invalid': was expecting (JSON String, Number, Array, Object or token 'null', 'true' or 'false')
 at [Source: (sun.net.www.protocol.http.HttpURLConnection$HttpInputStream); line: 1, column: 9]
	at io.gameofmovement.controller.PlayerControllerTest.lambda$testPlayInvalidPlayer$0(PlayerControllerTest.java:143)
	at io.gameofmovement.controller.PlayerControllerTest.testPlayInvalidPlayer(PlayerControllerTest.java:141)
]]></failure>
    <system-out><![CDATA[2020-12-01 09:59:55.349  INFO 10029 --- [o-auto-1-exec-6] i.g.service.impl.PlayerServiceImpl       : Restarted
2020-12-01 09:59:55.356  INFO 10029 --- [o-auto-1-exec-5] i.g.service.impl.PlayerServiceImpl       : Ready
2020-12-01 09:59:55.363  INFO 10029 --- [o-auto-1-exec-7] i.g.service.impl.PlayerServiceImpl       : Ready
2020-12-01 09:59:55.374  INFO 10029 --- [o-auto-1-exec-8] i.g.service.impl.PlayerServiceImpl       : Play(playerId=1, value=56)
2020-12-01 09:59:55.388  INFO 10029 --- [ntainer#0-0-C-1] io.gameofmovement.streaming.GameServer   : GameEvent(lastPlayerId=1, currentValue=56, message=null, status=STARTED)
]]></system-out>
  </testcase>
  <testcase name="testPlayInvalidValue" classname="io.gameofmovement.controller.PlayerControllerTest" time="0.038">
    <failure message="Unexpected exception type thrown ==&gt; expected: &lt;org.springframework.web.client.HttpClientErrorException.BadRequest&gt; but was: &lt;org.springframework.web.client.RestClientException&gt;" type="org.opentest4j.AssertionFailedError"><![CDATA[org.opentest4j.AssertionFailedError: Unexpected exception type thrown ==> expected: <org.springframework.web.client.HttpClientErrorException.BadRequest> but was: <org.springframework.web.client.RestClientException>
	at io.gameofmovement.controller.PlayerControllerTest.testPlayInvalidValue(PlayerControllerTest.java:169)
Caused by: org.springframework.web.client.RestClientException: 
Error while extracting response for type [class java.lang.Object] and content type [application/json]; nested exception is org.springframework.http.converter.HttpMessageNotReadableException: JSON parse error: Unrecognized token 'Invalid': was expecting (JSON String, Number, Array, Object or token 'null', 'true' or 'false'); nested exception is com.fasterxml.jackson.core.JsonParseException: Unrecognized token 'Invalid': was expecting (JSON String, Number, Array, Object or token 'null', 'true' or 'false')
 at [Source: (sun.net.www.protocol.http.HttpURLConnection$HttpInputStream); line: 1, column: 9]
	at io.gameofmovement.controller.PlayerControllerTest.lambda$testPlayInvalidValue$1(PlayerControllerTest.java:171)
	at io.gameofmovement.controller.PlayerControllerTest.testPlayInvalidValue(PlayerControllerTest.java:169)
Caused by: org.springframework.http.converter.HttpMessageNotReadableException: 
JSON parse error: Unrecognized token 'Invalid': was expecting (JSON String, Number, Array, Object or token 'null', 'true' or 'false'); nested exception is com.fasterxml.jackson.core.JsonParseException: Unrecognized token 'Invalid': was expecting (JSON String, Number, Array, Object or token 'null', 'true' or 'false')
 at [Source: (sun.net.www.protocol.http.HttpURLConnection$HttpInputStream); line: 1, column: 9]
	at io.gameofmovement.controller.PlayerControllerTest.lambda$testPlayInvalidValue$1(PlayerControllerTest.java:171)
	at io.gameofmovement.controller.PlayerControllerTest.testPlayInvalidValue(PlayerControllerTest.java:169)
Caused by: com.fasterxml.jackson.core.JsonParseException: 
Unrecognized token 'Invalid': was expecting (JSON String, Number, Array, Object or token 'null', 'true' or 'false')
 at [Source: (sun.net.www.protocol.http.HttpURLConnection$HttpInputStream); line: 1, column: 9]
	at io.gameofmovement.controller.PlayerControllerTest.lambda$testPlayInvalidValue$1(PlayerControllerTest.java:171)
	at io.gameofmovement.controller.PlayerControllerTest.testPlayInvalidValue(PlayerControllerTest.java:169)
]]></failure>
    <system-out><![CDATA[2020-12-01 09:59:55.414  INFO 10029 --- [-auto-1-exec-10] i.g.service.impl.PlayerServiceImpl       : Restarted
2020-12-01 09:59:55.422  INFO 10029 --- [o-auto-1-exec-1] i.g.service.impl.PlayerServiceImpl       : Ready
2020-12-01 09:59:55.428  INFO 10029 --- [o-auto-1-exec-2] i.g.service.impl.PlayerServiceImpl       : Ready
2020-12-01 09:59:55.436  INFO 10029 --- [o-auto-1-exec-3] i.g.service.impl.PlayerServiceImpl       : Play(playerId=1, value=56)
2020-12-01 09:59:55.439  INFO 10029 --- [ntainer#0-0-C-1] io.gameofmovement.streaming.GameServer   : GameEvent(lastPlayerId=1, currentValue=56, message=null, status=STARTED)
]]></system-out>
  </testcase>
  <testcase name="testPlayNotDivisible" classname="io.gameofmovement.controller.PlayerControllerTest" time="0.075"/>
</testsuite>